TN:
SF:/Library/Developer/CommandLineTools/usr/include/c++/v1/__nullptr
FN:30,_ZNSt3__19nullptr_tC1EMNS0_5__natEi
FN:30,_ZNSt3__19nullptr_tC2EMNS0_5__natEi
FN:36,_ZNKSt3__19nullptr_tcvPT_IcEEv
FN:46,_ZNSt3__1L15__get_nullptr_tEv
FNDA:0,_ZNSt3__19nullptr_tC2EMNS0_5__natEi
FNDA:0,_ZNSt3__19nullptr_tC1EMNS0_5__natEi
FNDA:0,_ZNKSt3__19nullptr_tcvPT_IcEEv
FNDA:0,_ZNSt3__1L15__get_nullptr_tEv
FNF:4
FNH:0
DA:30,0
DA:36,0
DA:46,0
LF:3
LH:0
end_of_record
TN:
SF:/Library/Developer/CommandLineTools/usr/include/c++/v1/__string
FN:218,_ZNSt3__1L16__copy_constexprIcEEPT_S2_PKS1_m
FN:244,_ZNSt3__111char_traitsIcE6assignERcRKc
FN:245,_ZNSt3__111char_traitsIcE2eqEcc
FN:253,_ZNSt3__111char_traitsIcE6lengthEPKc
FN:264,_ZNSt3__111char_traitsIcE4copyEPcPKcm
FN:279,_ZNSt3__111char_traitsIcE7not_eofEi
FN:281,_ZNSt3__111char_traitsIcE12to_char_typeEi
FN:283,_ZNSt3__111char_traitsIcE11to_int_typeEc
FN:285,_ZNSt3__111char_traitsIcE11eq_int_typeEii
FN:287,_ZNSt3__111char_traitsIcE3eofEv
FNDA:56,_ZNSt3__111char_traitsIcE12to_char_typeEi
FNDA:56,_ZNSt3__111char_traitsIcE3eofEv
FNDA:1,_ZNSt3__111char_traitsIcE6lengthEPKc
FNDA:56,_ZNSt3__111char_traitsIcE11to_int_typeEc
FNDA:0,_ZNSt3__111char_traitsIcE4copyEPcPKcm
FNDA:777,_ZNSt3__111char_traitsIcE6assignERcRKc
FNDA:0,_ZNSt3__1L16__copy_constexprIcEEPT_S2_PKS1_m
FNDA:0,_ZNSt3__111char_traitsIcE2eqEcc
FNDA:0,_ZNSt3__111char_traitsIcE7not_eofEi
FNDA:56,_ZNSt3__111char_traitsIcE11eq_int_typeEii
FNF:10
FNH:6
DA:218,0
DA:220,0
DA:221,0
DA:222,0
DA:244,777
DA:245,0
DA:246,0
DA:253,1
DA:264,0
DA:267,0
DA:268,0
DA:269,0
DA:279,0
DA:280,0
DA:281,56
DA:282,56
DA:283,56
DA:284,56
DA:285,56
DA:286,56
DA:287,56
DA:288,56
LF:22
LH:10
end_of_record
TN:
SF:/Library/Developer/CommandLineTools/usr/include/c++/v1/algorithm
FN:715,_ZNKSt3__16__lessIPcS1_EclERKS1_S4_
FN:1636,_ZNSt3__1L13__unwrap_iterIPcEET_S2_
FN:1636,_ZNSt3__1L13__unwrap_iterIPKcEET_S3_
FN:1698,_ZNSt3__1L16__copy_constexprIPKcPcEET0_T_S5_S4_
FN:1721,_ZNSt3__1L6__copyIKccEENS_9enable_ifIXaasr7is_sameINS_12remove_constIT_E4typeET0_EE5valuesr28is_trivially_copy_assignableIS7_EE5valueEPS7_E4typeEPS4_SB_S8_
FN:1732,_ZNSt3__1L4copyIPKcPcEET0_T_S5_S4_
FN:1853,_ZNSt3__1L6copy_nIPKcmPcEENS_9enable_ifIXsr33__is_cpp17_random_access_iteratorIT_EE5valueET1_E4typeES5_T0_S6_
FN:2624,_ZNSt3__1L3maxIPcNS_6__lessIS1_S1_EEEERKT_S6_S6_T0_
FN:2633,_ZNSt3__1L3maxIPcEERKT_S4_S4_
FNDA:0,_ZNSt3__1L6__copyIKccEENS_9enable_ifIXaasr7is_sameINS_12remove_constIT_E4typeET0_EE5valuesr28is_trivially_copy_assignableIS7_EE5valueEPS7_E4typeEPS4_SB_S8_
FNDA:0,_ZNSt3__1L16__copy_constexprIPKcPcEET0_T_S5_S4_
FNDA:56,_ZNSt3__1L3maxIPcEERKT_S4_S4_
FNDA:0,_ZNSt3__1L13__unwrap_iterIPcEET_S2_
FNDA:56,_ZNKSt3__16__lessIPcS1_EclERKS1_S4_
FNDA:0,_ZNSt3__1L4copyIPKcPcEET0_T_S5_S4_
FNDA:0,_ZNSt3__1L6copy_nIPKcmPcEENS_9enable_ifIXsr33__is_cpp17_random_access_iteratorIT_EE5valueET1_E4typeES5_T0_S6_
FNDA:0,_ZNSt3__1L13__unwrap_iterIPKcEET_S3_
FNDA:56,_ZNSt3__1L3maxIPcNS_6__lessIS1_S1_EEEERKT_S6_S6_T0_
FNF:9
FNH:3
DA:715,56
DA:1636,0
DA:1638,0
DA:1698,0
DA:1700,0
DA:1701,0
DA:1702,0
DA:1721,0
DA:1723,0
DA:1724,0
DA:1725,0
DA:1726,0
DA:1732,0
DA:1734,0
DA:1735,0
DA:1738,0
DA:1741,0
DA:1853,0
DA:1857,0
DA:2624,56
DA:2626,56
DA:2633,56
DA:2635,56
LF:23
LH:5
end_of_record
TN:
SF:/Library/Developer/CommandLineTools/usr/include/c++/v1/ios
FN:344,_ZNSt3__18ios_baseC2Ev
FN:674,_ZNSt3__19basic_iosIcNS_11char_traitsIcEEEC2Ev
FN:709,_ZNSt3__19basic_iosIcNS_11char_traitsIcEEE4initEPNS_15basic_streambufIcS2_EE
FNDA:0,_ZNSt3__18ios_baseC2Ev
FNDA:0,_ZNSt3__19basic_iosIcNS_11char_traitsIcEEEC2Ev
FNDA:0,_ZNSt3__19basic_iosIcNS_11char_traitsIcEEE4initEPNS_15basic_streambufIcS2_EE
FNF:3
FNH:0
DA:344,0
DA:345,0
DA:674,0
DA:675,0
DA:709,0
DA:711,0
DA:712,0
DA:713,0
DA:714,0
LF:9
LH:0
end_of_record
TN:
SF:/Library/Developer/CommandLineTools/usr/include/c++/v1/iosfwd
FN:130,_ZNSt3__115basic_stringbufIcNS_11char_traitsIcEENS_9allocatorIcEEED1Ev
FN:130,_ZNSt3__115basic_stringbufIcNS_11char_traitsIcEENS_9allocatorIcEEED2Ev
FN:130,_ZNSt3__115basic_stringbufIcNS_11char_traitsIcEENS_9allocatorIcEEED0Ev
FN:139,_ZNSt3__118basic_stringstreamIcNS_11char_traitsIcEENS_9allocatorIcEEED2Ev
FN:139,_ZNSt3__118basic_stringstreamIcNS_11char_traitsIcEENS_9allocatorIcEEED1Ev
FN:139,_ZNSt3__118basic_stringstreamIcNS_11char_traitsIcEENS_9allocatorIcEEED0Ev
FNDA:47,_ZNSt3__118basic_stringstreamIcNS_11char_traitsIcEENS_9allocatorIcEEED1Ev
FNDA:47,_ZNSt3__115basic_stringbufIcNS_11char_traitsIcEENS_9allocatorIcEEED2Ev
FNDA:47,_ZNSt3__118basic_stringstreamIcNS_11char_traitsIcEENS_9allocatorIcEEED2Ev
FNDA:47,_ZNSt3__115basic_stringbufIcNS_11char_traitsIcEENS_9allocatorIcEEED1Ev
FNDA:0,_ZNSt3__115basic_stringbufIcNS_11char_traitsIcEENS_9allocatorIcEEED0Ev
FNDA:47,_ZNSt3__118basic_stringstreamIcNS_11char_traitsIcEENS_9allocatorIcEEED0Ev
FNF:6
FNH:5
DA:130,94
DA:139,141
LF:2
LH:2
end_of_record
TN:
SF:/Library/Developer/CommandLineTools/usr/include/c++/v1/istream
FN:190,_ZNSt3__113basic_istreamIcNS_11char_traitsIcEEEC2EPNS_15basic_streambufIcS2_EE
FN:1407,_ZNSt3__114basic_iostreamIcNS_11char_traitsIcEEEC2EPNS_15basic_streambufIcS2_EE
FNDA:0,_ZNSt3__114basic_iostreamIcNS_11char_traitsIcEEEC2EPNS_15basic_streambufIcS2_EE
FNDA:0,_ZNSt3__113basic_istreamIcNS_11char_traitsIcEEEC2EPNS_15basic_streambufIcS2_EE
FNF:2
FNH:0
DA:190,0
DA:191,0
DA:1407,0
DA:1408,0
DA:1409,0
LF:5
LH:0
end_of_record
TN:
SF:/Library/Developer/CommandLineTools/usr/include/c++/v1/iterator
FN:690,_ZNSt3__1L10__distanceIPcEENS_15iterator_traitsIT_E15difference_typeES3_S3_NS_26random_access_iterator_tagE
FN:698,_ZNSt3__1L8distanceIPcEENS_15iterator_traitsIT_E15difference_typeES3_S3_
FNDA:47,_ZNSt3__1L8distanceIPcEENS_15iterator_traitsIT_E15difference_typeES3_S3_
FNDA:47,_ZNSt3__1L10__distanceIPcEENS_15iterator_traitsIT_E15difference_typeES3_S3_NS_26random_access_iterator_tagE
FNF:2
FNH:2
DA:690,47
DA:692,47
DA:698,47
DA:700,47
LF:4
LH:4
end_of_record
TN:
SF:/Library/Developer/CommandLineTools/usr/include/c++/v1/memory
FN:991,_ZNSt3__114pointer_traitsIPcE10pointer_toERc
FN:991,_ZNSt3__114pointer_traitsIPKcE10pointer_toERS1_
FN:1126,_ZNSt3__1L12__to_addressIcEEPT_S2_
FN:1126,_ZNSt3__1L12__to_addressIKcEEPT_S3_
FN:1585,_ZNSt3__116allocator_traitsINS_9allocatorIcEEE8allocateERS2_m
FN:1593,_ZNSt3__116allocator_traitsINS_9allocatorIcEEE10deallocateERS2_Pcm
FN:1638,_ZNSt3__116allocator_traitsINS_9allocatorIcEEE8max_sizeERKS2_
FN:1807,_ZNSt3__116allocator_traitsINS_9allocatorIcEEE10__max_sizeENS_17integral_constantIbLb1EEERKS2_
FN:1853,_ZNSt3__19allocatorIcEC2Ev
FN:1864,_ZNSt3__19allocatorIcE8allocateEmPKv
FN:1871,_ZNSt3__19allocatorIcE10deallocateEPcm
FN:1873,_ZNKSt3__19allocatorIcE8max_sizeEv
FN:2199,_ZNSt3__122__compressed_pair_elemINS_12basic_stringIcNS_11char_traitsIcEENS_9allocatorIcEEE5__repELi0ELb0EEC2ENS_18__default_init_tagE
FN:2223,_ZNSt3__122__compressed_pair_elemINS_12basic_stringIcNS_11char_traitsIcEENS_9allocatorIcEEE5__repELi0ELb0EE5__getEv
FN:2225,_ZNKSt3__122__compressed_pair_elemINS_12basic_stringIcNS_11char_traitsIcEENS_9allocatorIcEEE5__repELi0ELb0EE5__getEv
FN:2240,_ZNSt3__122__compressed_pair_elemINS_9allocatorIcEELi1ELb1EEC2ENS_18__default_init_tagE
FN:2249,_ZNSt3__122__compressed_pair_elemINS_9allocatorIcEELi1ELb1EEC2IRKS2_vEEOT_
FN:2261,_ZNSt3__122__compressed_pair_elemINS_9allocatorIcEELi1ELb1EE5__getEv
FN:2263,_ZNKSt3__122__compressed_pair_elemINS_9allocatorIcEELi1ELb1EE5__getEv
FN:2293,_ZNSt3__117__compressed_pairINS_12basic_stringIcNS_11char_traitsIcEENS_9allocatorIcEEE5__repES5_EC2INS_18__default_init_tagERKS5_EEOT_OT0_
FN:2293,_ZNSt3__117__compressed_pairINS_12basic_stringIcNS_11char_traitsIcEENS_9allocatorIcEEE5__repES5_EC1INS_18__default_init_tagESA_EEOT_OT0_
FN:2293,_ZNSt3__117__compressed_pairINS_12basic_stringIcNS_11char_traitsIcEENS_9allocatorIcEEE5__repES5_EC2INS_18__default_init_tagESA_EEOT_OT0_
FN:2293,_ZNSt3__117__compressed_pairINS_12basic_stringIcNS_11char_traitsIcEENS_9allocatorIcEEE5__repES5_EC1INS_18__default_init_tagERKS5_EEOT_OT0_
FN:2308,_ZNSt3__117__compressed_pairINS_12basic_stringIcNS_11char_traitsIcEENS_9allocatorIcEEE5__repES5_E5firstEv
FN:2313,_ZNKSt3__117__compressed_pairINS_12basic_stringIcNS_11char_traitsIcEENS_9allocatorIcEEE5__repES5_E5firstEv
FN:2318,_ZNSt3__117__compressed_pairINS_12basic_stringIcNS_11char_traitsIcEENS_9allocatorIcEEE5__repES5_E6secondEv
FN:2323,_ZNKSt3__117__compressed_pairINS_12basic_stringIcNS_11char_traitsIcEENS_9allocatorIcEEE5__repES5_E6secondEv
FNDA:112,_ZNSt3__1L12__to_addressIKcEEPT_S3_
FNDA:94,_ZNKSt3__122__compressed_pair_elemINS_9allocatorIcEELi1ELb1EE5__getEv
FNDA:38,_ZNSt3__114pointer_traitsIPcE10pointer_toERc
FNDA:1,_ZNSt3__19allocatorIcEC2Ev
FNDA:1,_ZNSt3__117__compressed_pairINS_12basic_stringIcNS_11char_traitsIcEENS_9allocatorIcEEE5__repES5_EC2INS_18__default_init_tagESA_EEOT_OT0_
FNDA:94,_ZNKSt3__117__compressed_pairINS_12basic_stringIcNS_11char_traitsIcEENS_9allocatorIcEEE5__repES5_E6secondEv
FNDA:0,_ZNSt3__19allocatorIcE10deallocateEPcm
FNDA:47,_ZNSt3__117__compressed_pairINS_12basic_stringIcNS_11char_traitsIcEENS_9allocatorIcEEE5__repES5_EC1INS_18__default_init_tagERKS5_EEOT_OT0_
FNDA:94,_ZNSt3__114pointer_traitsIPKcE10pointer_toERS1_
FNDA:401,_ZNKSt3__122__compressed_pair_elemINS_12basic_stringIcNS_11char_traitsIcEENS_9allocatorIcEEE5__repELi0ELb0EE5__getEv
FNDA:48,_ZNSt3__122__compressed_pair_elemINS_12basic_stringIcNS_11char_traitsIcEENS_9allocatorIcEEE5__repELi0ELb0EEC2ENS_18__default_init_tagE
FNDA:9,_ZNSt3__117__compressed_pairINS_12basic_stringIcNS_11char_traitsIcEENS_9allocatorIcEEE5__repES5_E6secondEv
FNDA:0,_ZNSt3__116allocator_traitsINS_9allocatorIcEEE10deallocateERS2_Pcm
FNDA:103,_ZNSt3__122__compressed_pair_elemINS_12basic_stringIcNS_11char_traitsIcEENS_9allocatorIcEEE5__repELi0ELb0EE5__getEv
FNDA:56,_ZNKSt3__19allocatorIcE8max_sizeEv
FNDA:47,_ZNSt3__116allocator_traitsINS_9allocatorIcEEE8max_sizeERKS2_
FNDA:0,_ZNSt3__1L12__to_addressIcEEPT_S2_
FNDA:9,_ZNSt3__116allocator_traitsINS_9allocatorIcEEE8allocateERS2_m
FNDA:1,_ZNSt3__117__compressed_pairINS_12basic_stringIcNS_11char_traitsIcEENS_9allocatorIcEEE5__repES5_EC1INS_18__default_init_tagESA_EEOT_OT0_
FNDA:401,_ZNKSt3__117__compressed_pairINS_12basic_stringIcNS_11char_traitsIcEENS_9allocatorIcEEE5__repES5_E5firstEv
FNDA:47,_ZNSt3__116allocator_traitsINS_9allocatorIcEEE10__max_sizeENS_17integral_constantIbLb1EEERKS2_
FNDA:103,_ZNSt3__117__compressed_pairINS_12basic_stringIcNS_11char_traitsIcEENS_9allocatorIcEEE5__repES5_E5firstEv
FNDA:47,_ZNSt3__122__compressed_pair_elemINS_9allocatorIcEELi1ELb1EEC2IRKS2_vEEOT_
FNDA:9,_ZNSt3__122__compressed_pair_elemINS_9allocatorIcEELi1ELb1EE5__getEv
FNDA:1,_ZNSt3__122__compressed_pair_elemINS_9allocatorIcEELi1ELb1EEC2ENS_18__default_init_tagE
FNDA:9,_ZNSt3__19allocatorIcE8allocateEmPKv
FNDA:47,_ZNSt3__117__compressed_pairINS_12basic_stringIcNS_11char_traitsIcEENS_9allocatorIcEEE5__repES5_EC2INS_18__default_init_tagERKS5_EEOT_OT0_
FNF:27
FNH:24
DA:991,132
DA:993,132
DA:1126,112
DA:1129,112
DA:1585,9
DA:1586,9
DA:1593,0
DA:1594,0
DA:1638,47
DA:1639,47
DA:1807,47
DA:1808,47
DA:1853,1
DA:1864,9
DA:1866,9
DA:1867,0
DA:1869,9
DA:1871,0
DA:1872,0
DA:1873,56
DA:1874,56
DA:2199,48
DA:2223,103
DA:2225,401
DA:2240,1
DA:2249,47
DA:2250,47
DA:2251,47
DA:2261,9
DA:2263,94
DA:2293,96
DA:2294,96
DA:2308,103
DA:2309,103
DA:2313,401
DA:2314,401
DA:2318,9
DA:2319,9
DA:2323,94
DA:2324,94
LF:40
LH:35
end_of_record
TN:
SF:/Library/Developer/CommandLineTools/usr/include/c++/v1/new
FN:237,_ZNSt3__1L17__libcpp_allocateEmm
FN:259,_ZNSt3__117_DeallocateCaller33__do_deallocate_handle_size_alignEPvmm
FN:289,_ZNSt3__117_DeallocateCaller27__do_deallocate_handle_sizeEPvm
FN:330,_ZNSt3__117_DeallocateCaller9__do_callEPv
FN:339,_ZNSt3__1L19__libcpp_deallocateEPvmm
FNDA:0,_ZNSt3__117_DeallocateCaller33__do_deallocate_handle_size_alignEPvmm
FNDA:0,_ZNSt3__117_DeallocateCaller9__do_callEPv
FNDA:0,_ZNSt3__1L19__libcpp_deallocateEPvmm
FNDA:0,_ZNSt3__117_DeallocateCaller27__do_deallocate_handle_sizeEPvm
FNDA:9,_ZNSt3__1L17__libcpp_allocateEmm
FNF:5
FNH:1
DA:237,9
DA:253,9
DA:259,0
DA:262,0
DA:289,0
DA:292,0
DA:330,0
DA:334,0
DA:339,0
DA:340,0
DA:341,0
LF:11
LH:2
end_of_record
TN:
SF:/Library/Developer/CommandLineTools/usr/include/c++/v1/ostream
FN:241,_ZNSt3__113basic_ostreamIcNS_11char_traitsIcEEEC2Ev
FNDA:0,_ZNSt3__113basic_ostreamIcNS_11char_traitsIcEEEC2Ev
FNF:1
FNH:0
DA:241,0
LF:1
LH:0
end_of_record
TN:
SF:/Library/Developer/CommandLineTools/usr/include/c++/v1/sstream
FN:241,_ZNSt3__115basic_stringbufIcNS_11char_traitsIcEENS_9allocatorIcEEEC2Ej
FN:241,_ZNSt3__115basic_stringbufIcNS_11char_traitsIcEENS_9allocatorIcEEEC1Ej
FN:438,_ZNKSt3__115basic_stringbufIcNS_11char_traitsIcEENS_9allocatorIcEEE3strEv
FN:486,_ZNSt3__115basic_stringbufIcNS_11char_traitsIcEENS_9allocatorIcEEE9underflowEv
FN:502,_ZNSt3__115basic_stringbufIcNS_11char_traitsIcEENS_9allocatorIcEEE9pbackfailEi
FN:526,_ZNSt3__115basic_stringbufIcNS_11char_traitsIcEENS_9allocatorIcEEE8overflowEi
FN:568,_ZNSt3__115basic_stringbufIcNS_11char_traitsIcEENS_9allocatorIcEEE7seekoffExNS_8ios_base7seekdirEj
FN:620,_ZNSt3__115basic_stringbufIcNS_11char_traitsIcEENS_9allocatorIcEEE7seekposENS_4fposI11__mbstate_tEEj
FN:908,_ZNSt3__118basic_stringstreamIcNS_11char_traitsIcEENS_9allocatorIcEEEC1Ej
FN:969,_ZNKSt3__118basic_stringstreamIcNS_11char_traitsIcEENS_9allocatorIcEEE3strEv
FNDA:0,_ZNSt3__118basic_stringstreamIcNS_11char_traitsIcEENS_9allocatorIcEEEC1Ej
FNDA:0,_ZNSt3__115basic_stringbufIcNS_11char_traitsIcEENS_9allocatorIcEEEC1Ej
FNDA:47,_ZNKSt3__115basic_stringbufIcNS_11char_traitsIcEENS_9allocatorIcEEE3strEv
FNDA:0,_ZNSt3__115basic_stringbufIcNS_11char_traitsIcEENS_9allocatorIcEEE7seekoffExNS_8ios_base7seekdirEj
FNDA:0,_ZNSt3__115basic_stringbufIcNS_11char_traitsIcEENS_9allocatorIcEEE7seekposENS_4fposI11__mbstate_tEEj
FNDA:0,_ZNSt3__115basic_stringbufIcNS_11char_traitsIcEENS_9allocatorIcEEEC2Ej
FNDA:56,_ZNSt3__115basic_stringbufIcNS_11char_traitsIcEENS_9allocatorIcEEE8overflowEi
FNDA:0,_ZNSt3__115basic_stringbufIcNS_11char_traitsIcEENS_9allocatorIcEEE9pbackfailEi
FNDA:0,_ZNKSt3__118basic_stringstreamIcNS_11char_traitsIcEENS_9allocatorIcEEE3strEv
FNDA:0,_ZNSt3__115basic_stringbufIcNS_11char_traitsIcEENS_9allocatorIcEEE9underflowEv
FNF:10
FNH:2
DA:212,0
DA:241,0
DA:242,0
DA:243,0
DA:244,0
DA:245,0
DA:438,47
DA:440,47
DA:442,47
DA:443,35
DA:444,47
DA:446,0
DA:447,0
DA:448,0
DA:449,47
DA:486,0
DA:488,0
DA:489,0
DA:490,0
DA:492,0
DA:493,0
DA:494,0
DA:495,0
DA:497,0
DA:498,0
DA:502,0
DA:504,0
DA:505,0
DA:506,0
DA:508,0
DA:510,0
DA:511,0
DA:513,0
DA:514,0
DA:516,0
DA:517,0
DA:518,0
DA:521,0
DA:522,0
DA:526,56
DA:528,56
DA:530,56
DA:531,56
DA:533,56
DA:534,0
DA:539,56
DA:540,56
DA:541,56
DA:542,56
DA:543,56
DA:544,56
DA:545,56
DA:546,56
DA:548,0
DA:551,0
DA:552,0
DA:554,56
DA:555,56
DA:556,56
DA:558,56
DA:559,56
DA:560,56
DA:561,56
DA:563,0
DA:564,56
DA:568,0
DA:572,0
DA:573,0
DA:574,0
DA:575,0
DA:576,0
DA:577,0
DA:578,0
DA:579,0
DA:581,0
DA:585,0
DA:587,0
DA:588,0
DA:590,0
DA:594,0
DA:596,0
DA:598,0
DA:599,0
DA:600,0
DA:601,0
DA:603,0
DA:604,0
DA:605,0
DA:606,0
DA:608,0
DA:609,0
DA:610,0
DA:612,0
DA:613,0
DA:614,0
DA:615,0
DA:616,0
DA:620,0
DA:623,0
DA:884,0
DA:908,0
DA:909,0
DA:910,0
DA:911,0
DA:912,0
DA:969,0
DA:971,0
LF:107
LH:27
end_of_record
TN:
SF:/Library/Developer/CommandLineTools/usr/include/c++/v1/stdexcept
FN:153,_ZNSt12length_errorC2EPKc
FN:153,_ZNSt12length_errorC1EPKc
FN:248,_ZNSt3__1L20__throw_length_errorEPKc
FNDA:0,_ZNSt12length_errorC2EPKc
FNDA:0,_ZNSt12length_errorC1EPKc
FNDA:0,_ZNSt3__1L20__throw_length_errorEPKc
FNF:3
FNH:0
DA:153,0
DA:248,0
DA:251,0
DA:256,0
LF:4
LH:0
end_of_record
TN:
SF:/Library/Developer/CommandLineTools/usr/include/c++/v1/streambuf
FN:220,_ZNSt3__115basic_streambufIcNS_11char_traitsIcEEE5sputcEc
FN:238,_ZNKSt3__115basic_streambufIcNS_11char_traitsIcEEE5ebackEv
FN:239,_ZNKSt3__115basic_streambufIcNS_11char_traitsIcEEE4gptrEv
FN:240,_ZNKSt3__115basic_streambufIcNS_11char_traitsIcEEE5egptrEv
FN:246,_ZNSt3__115basic_streambufIcNS_11char_traitsIcEEE4setgEPcS4_S4_
FN:253,_ZNKSt3__115basic_streambufIcNS_11char_traitsIcEEE5pbaseEv
FN:254,_ZNKSt3__115basic_streambufIcNS_11char_traitsIcEEE4pptrEv
FN:255,_ZNKSt3__115basic_streambufIcNS_11char_traitsIcEEE5epptrEv
FN:258,_ZNSt3__115basic_streambufIcNS_11char_traitsIcEEE5pbumpEi
FN:261,_ZNSt3__115basic_streambufIcNS_11char_traitsIcEEE7__pbumpEl
FN:264,_ZNSt3__115basic_streambufIcNS_11char_traitsIcEEE4setpEPcS4_
FNDA:0,_ZNSt3__115basic_streambufIcNS_11char_traitsIcEEE5pbumpEi
FNDA:56,_ZNSt3__115basic_streambufIcNS_11char_traitsIcEEE5sputcEc
FNDA:215,_ZNKSt3__115basic_streambufIcNS_11char_traitsIcEEE5pbaseEv
FNDA:56,_ZNSt3__115basic_streambufIcNS_11char_traitsIcEEE7__pbumpEl
FNDA:56,_ZNKSt3__115basic_streambufIcNS_11char_traitsIcEEE5epptrEv
FNDA:56,_ZNKSt3__115basic_streambufIcNS_11char_traitsIcEEE5ebackEv
FNDA:56,_ZNSt3__115basic_streambufIcNS_11char_traitsIcEEE4setgEPcS4_S4_
FNDA:0,_ZNKSt3__115basic_streambufIcNS_11char_traitsIcEEE5egptrEv
FNDA:56,_ZNKSt3__115basic_streambufIcNS_11char_traitsIcEEE4gptrEv
FNDA:56,_ZNSt3__115basic_streambufIcNS_11char_traitsIcEEE4setpEPcS4_
FNDA:250,_ZNKSt3__115basic_streambufIcNS_11char_traitsIcEEE4pptrEv
FNF:11
FNH:9
DA:220,56
DA:221,56
DA:222,0
DA:223,56
DA:224,56
DA:225,56
DA:238,56
DA:239,56
DA:240,0
DA:246,56
DA:247,56
DA:248,56
DA:249,56
DA:250,56
DA:253,215
DA:254,250
DA:255,56
DA:258,0
DA:261,56
DA:264,56
DA:265,56
DA:266,56
DA:267,56
LF:23
LH:20
end_of_record
TN:
SF:/Library/Developer/CommandLineTools/usr/include/c++/v1/string
FN:543,_ZNSt3__14fposI11__mbstate_tEC1Ex
FN:543,_ZNSt3__14fposI11__mbstate_tEC2Ex
FN:545,_ZNKSt3__14fposI11__mbstate_tEcvxEv
FN:817,_ZNSt3__112basic_stringIcNS_11char_traitsIcEENS_9allocatorIcEEEC1INS_9nullptr_tEEEPKc
FN:817,_ZNSt3__112basic_stringIcNS_11char_traitsIcEENS_9allocatorIcEEEC2INS_9nullptr_tEEEPKc
FN:946,_ZNKSt3__112basic_stringIcNS_11char_traitsIcEENS_9allocatorIcEEE4sizeEv
FN:950,_ZNKSt3__112basic_stringIcNS_11char_traitsIcEENS_9allocatorIcEEE8capacityEv
FN:955,_ZNSt3__112basic_stringIcNS_11char_traitsIcEENS_9allocatorIcEEE6resizeEm
FN:1240,_ZNKSt3__112basic_stringIcNS_11char_traitsIcEENS_9allocatorIcEEE5c_strEv
FN:1242,_ZNKSt3__112basic_stringIcNS_11char_traitsIcEENS_9allocatorIcEEE4dataEv
FN:1249,_ZNKSt3__112basic_stringIcNS_11char_traitsIcEENS_9allocatorIcEEE13get_allocatorEv
FN:1419,_ZNKSt3__112basic_stringIcNS_11char_traitsIcEENS_9allocatorIcEEE9__is_longEv
FN:1433,_ZNSt3__112basic_stringIcNS_11char_traitsIcEENS_9allocatorIcEEE7__allocEv
FN:1436,_ZNKSt3__112basic_stringIcNS_11char_traitsIcEENS_9allocatorIcEEE7__allocEv
FN:1460,_ZNSt3__112basic_stringIcNS_11char_traitsIcEENS_9allocatorIcEEE16__set_short_sizeEm
FN:1468,_ZNKSt3__112basic_stringIcNS_11char_traitsIcEENS_9allocatorIcEEE16__get_short_sizeEv
FN:1478,_ZNSt3__112basic_stringIcNS_11char_traitsIcEENS_9allocatorIcEEE15__set_long_sizeEm
FN:1481,_ZNKSt3__112basic_stringIcNS_11char_traitsIcEENS_9allocatorIcEEE15__get_long_sizeEv
FN:1488,_ZNSt3__112basic_stringIcNS_11char_traitsIcEENS_9allocatorIcEEE14__set_long_capEm
FN:1491,_ZNKSt3__112basic_stringIcNS_11char_traitsIcEENS_9allocatorIcEEE14__get_long_capEv
FN:1495,_ZNSt3__112basic_stringIcNS_11char_traitsIcEENS_9allocatorIcEEE18__set_long_pointerEPc
FN:1498,_ZNSt3__112basic_stringIcNS_11char_traitsIcEENS_9allocatorIcEEE18__get_long_pointerEv
FN:1501,_ZNKSt3__112basic_stringIcNS_11char_traitsIcEENS_9allocatorIcEEE18__get_long_pointerEv
FN:1504,_ZNSt3__112basic_stringIcNS_11char_traitsIcEENS_9allocatorIcEEE19__get_short_pointerEv
FN:1507,_ZNKSt3__112basic_stringIcNS_11char_traitsIcEENS_9allocatorIcEEE19__get_short_pointerEv
FN:1513,_ZNKSt3__112basic_stringIcNS_11char_traitsIcEENS_9allocatorIcEEE13__get_pointerEv
FN:1517,_ZNSt3__112basic_stringIcNS_11char_traitsIcEENS_9allocatorIcEEE6__zeroEv
FN:1526,_ZNSt3__112basic_stringIcNS_11char_traitsIcEENS_9allocatorIcEEE10__align_itILm16EEEmm
FN:1530,_ZNSt3__112basic_stringIcNS_11char_traitsIcEENS_9allocatorIcEEE11__recommendEm
FN:1722,_ZNSt3__112basic_stringIcNS_11char_traitsIcEENS_9allocatorIcEEEC2Ev
FN:1722,_ZNSt3__112basic_stringIcNS_11char_traitsIcEENS_9allocatorIcEEEC1Ev
FN:1734,_ZNSt3__112basic_stringIcNS_11char_traitsIcEENS_9allocatorIcEEEC2ERKS4_
FN:1734,_ZNSt3__112basic_stringIcNS_11char_traitsIcEENS_9allocatorIcEEEC1ERKS4_
FN:1775,_ZNSt3__112basic_stringIcNS_11char_traitsIcEENS_9allocatorIcEEE6__initEPKcm
FN:2049,_ZNSt3__112basic_stringIcNS_11char_traitsIcEENS_9allocatorIcEEE6__initIPcEENS_9enable_ifIXsr27__is_cpp17_forward_iteratorIT_EE5valueEvE4typeES9_S9_
FN:2088,_ZNSt3__112basic_stringIcNS_11char_traitsIcEENS_9allocatorIcEEEC1IPcvEET_S8_RKS4_
FN:2088,_ZNSt3__112basic_stringIcNS_11char_traitsIcEENS_9allocatorIcEEEC2IPcvEET_S8_RKS4_
FN:2128,_ZNSt3__112basic_stringIcNS_11char_traitsIcEENS_9allocatorIcEEED1Ev
FN:2128,_ZNSt3__112basic_stringIcNS_11char_traitsIcEENS_9allocatorIcEEED2Ev
FN:3134,_ZNKSt3__112basic_stringIcNS_11char_traitsIcEENS_9allocatorIcEEE8max_sizeEv
FNDA:47,_ZNSt3__112basic_stringIcNS_11char_traitsIcEENS_9allocatorIcEEE6__initIPcEENS_9enable_ifIXsr27__is_cpp17_forward_iteratorIT_EE5valueEvE4typeES9_S9_
FNDA:9,_ZNKSt3__112basic_stringIcNS_11char_traitsIcEENS_9allocatorIcEEE14__get_long_capEv
FNDA:0,_ZNSt3__112basic_stringIcNS_11char_traitsIcEENS_9allocatorIcEEEC1ERKS4_
FNDA:0,_ZNSt3__112basic_stringIcNS_11char_traitsIcEENS_9allocatorIcEEEC2ERKS4_
FNDA:47,_ZNKSt3__112basic_stringIcNS_11char_traitsIcEENS_9allocatorIcEEE8max_sizeEv
FNDA:9,_ZNSt3__112basic_stringIcNS_11char_traitsIcEENS_9allocatorIcEEE15__set_long_sizeEm
FNDA:1,_ZNSt3__112basic_stringIcNS_11char_traitsIcEENS_9allocatorIcEEEC2INS_9nullptr_tEEEPKc
FNDA:0,_ZNSt3__14fposI11__mbstate_tEC2Ex
FNDA:94,_ZNKSt3__112basic_stringIcNS_11char_traitsIcEENS_9allocatorIcEEE19__get_short_pointerEv
FNDA:94,_ZNKSt3__112basic_stringIcNS_11char_traitsIcEENS_9allocatorIcEEE7__allocEv
FNDA:0,_ZNSt3__14fposI11__mbstate_tEC1Ex
FNDA:38,_ZNSt3__112basic_stringIcNS_11char_traitsIcEENS_9allocatorIcEEE16__set_short_sizeEm
FNDA:9,_ZNSt3__112basic_stringIcNS_11char_traitsIcEENS_9allocatorIcEEE18__set_long_pointerEPc
FNDA:0,_ZNSt3__112basic_stringIcNS_11char_traitsIcEENS_9allocatorIcEEE6__zeroEv
FNDA:47,_ZNSt3__112basic_stringIcNS_11char_traitsIcEENS_9allocatorIcEEEC2IPcvEET_S8_RKS4_
FNDA:112,_ZNKSt3__112basic_stringIcNS_11char_traitsIcEENS_9allocatorIcEEE13__get_pointerEv
FNDA:9,_ZNKSt3__112basic_stringIcNS_11char_traitsIcEENS_9allocatorIcEEE15__get_long_sizeEv
FNDA:224,_ZNKSt3__112basic_stringIcNS_11char_traitsIcEENS_9allocatorIcEEE9__is_longEv
FNDA:56,_ZNSt3__112basic_stringIcNS_11char_traitsIcEENS_9allocatorIcEEE6resizeEm
FNDA:0,_ZNKSt3__112basic_stringIcNS_11char_traitsIcEENS_9allocatorIcEEE5c_strEv
FNDA:112,_ZNKSt3__112basic_stringIcNS_11char_traitsIcEENS_9allocatorIcEEE4dataEv
FNDA:0,_ZNSt3__112basic_stringIcNS_11char_traitsIcEENS_9allocatorIcEEEC1Ev
FNDA:18,_ZNKSt3__112basic_stringIcNS_11char_traitsIcEENS_9allocatorIcEEE18__get_long_pointerEv
FNDA:47,_ZNSt3__112basic_stringIcNS_11char_traitsIcEENS_9allocatorIcEEEC1IPcvEET_S8_RKS4_
FNDA:9,_ZNSt3__112basic_stringIcNS_11char_traitsIcEENS_9allocatorIcEEE14__set_long_capEm
FNDA:56,_ZNKSt3__112basic_stringIcNS_11char_traitsIcEENS_9allocatorIcEEE8capacityEv
FNDA:0,_ZNSt3__112basic_stringIcNS_11char_traitsIcEENS_9allocatorIcEEED1Ev
FNDA:0,_ZNSt3__112basic_stringIcNS_11char_traitsIcEENS_9allocatorIcEEED2Ev
FNDA:38,_ZNSt3__112basic_stringIcNS_11char_traitsIcEENS_9allocatorIcEEE19__get_short_pointerEv
FNDA:47,_ZNKSt3__112basic_stringIcNS_11char_traitsIcEENS_9allocatorIcEEE13get_allocatorEv
FNDA:9,_ZNSt3__112basic_stringIcNS_11char_traitsIcEENS_9allocatorIcEEE7__allocEv
FNDA:9,_ZNSt3__112basic_stringIcNS_11char_traitsIcEENS_9allocatorIcEEE11__recommendEm
FNDA:0,_ZNSt3__112basic_stringIcNS_11char_traitsIcEENS_9allocatorIcEEE6__initEPKcm
FNDA:56,_ZNKSt3__112basic_stringIcNS_11char_traitsIcEENS_9allocatorIcEEE4sizeEv
FNDA:1,_ZNSt3__112basic_stringIcNS_11char_traitsIcEENS_9allocatorIcEEEC1INS_9nullptr_tEEEPKc
FNDA:0,_ZNKSt3__14fposI11__mbstate_tEcvxEv
FNDA:47,_ZNKSt3__112basic_stringIcNS_11char_traitsIcEENS_9allocatorIcEEE16__get_short_sizeEv
FNDA:0,_ZNSt3__112basic_stringIcNS_11char_traitsIcEENS_9allocatorIcEEE18__get_long_pointerEv
FNDA:9,_ZNSt3__112basic_stringIcNS_11char_traitsIcEENS_9allocatorIcEEE10__align_itILm16EEEmm
FNDA:0,_ZNSt3__112basic_stringIcNS_11char_traitsIcEENS_9allocatorIcEEEC2Ev
FNF:40
FNH:27
DA:543,0
DA:545,0
DA:817,2
DA:819,1
DA:823,2
DA:946,56
DA:947,56
DA:950,56
DA:951,56
DA:952,56
DA:955,56
DA:1240,0
DA:1242,112
DA:1249,47
DA:1419,224
DA:1420,224
DA:1433,9
DA:1434,9
DA:1436,94
DA:1437,94
DA:1460,38
DA:1464,38
DA:1468,47
DA:1472,47
DA:1478,9
DA:1479,9
DA:1481,9
DA:1482,9
DA:1488,9
DA:1489,9
DA:1491,9
DA:1492,9
DA:1495,9
DA:1496,9
DA:1498,0
DA:1499,0
DA:1501,18
DA:1502,18
DA:1504,38
DA:1505,38
DA:1507,94
DA:1508,94
DA:1513,112
DA:1514,112
DA:1517,0
DA:1519,0
DA:1520,0
DA:1521,0
DA:1522,0
DA:1526,9
DA:1527,9
DA:1530,9
DA:1532,9
DA:1533,9
DA:1534,18
DA:1535,9
DA:1537,9
DA:1722,0
DA:1724,0
DA:1725,0
DA:1729,0
DA:1730,0
DA:1734,0
DA:1740,0
DA:1741,0
DA:1745,0
DA:1746,0
DA:1775,0
DA:1777,0
DA:1778,0
DA:1780,0
DA:1782,0
DA:1783,0
DA:1784,0
DA:1787,0
DA:1788,0
DA:1789,0
DA:1790,0
DA:1791,0
DA:1793,0
DA:1794,0
DA:1795,0
DA:2049,47
DA:2051,47
DA:2052,47
DA:2053,0
DA:2055,47
DA:2057,38
DA:2058,38
DA:2059,38
DA:2062,9
DA:2063,9
DA:2064,9
DA:2065,9
DA:2066,9
DA:2068,777
DA:2069,730
DA:2070,47
DA:2071,47
DA:2088,94
DA:2090,47
DA:2091,47
DA:2092,47
DA:2096,94
DA:2128,0
DA:2129,0
DA:2133,0
DA:2134,0
DA:2135,0
DA:3134,47
DA:3136,47
DA:3140,47
LF:112
LH:71
end_of_record
TN:
SF:/Library/Developer/CommandLineTools/usr/include/c++/v1/type_traits
FN:591,_ZNSt3__1L9addressofIKcEEPT_RS2_
FN:591,_ZNSt3__1L9addressofIcEEPT_RS1_
FN:2273,_ZNSt3__1L7forwardIRKNS_9allocatorIcEEEEOT_RNS_16remove_referenceIS5_E4typeE
FN:2273,_ZNSt3__1L7forwardINS_18__default_init_tagEEEOT_RNS_16remove_referenceIS2_E4typeE
FN:4034,_ZNSt3__130__libcpp_is_constant_evaluatedEv
FNDA:38,_ZNSt3__1L9addressofIcEEPT_RS1_
FNDA:94,_ZNSt3__1L9addressofIKcEEPT_RS2_
FNDA:94,_ZNSt3__1L7forwardIRKNS_9allocatorIcEEEEOT_RNS_16remove_referenceIS5_E4typeE
FNDA:0,_ZNSt3__130__libcpp_is_constant_evaluatedEv
FNDA:49,_ZNSt3__1L7forwardINS_18__default_init_tagEEEOT_RNS_16remove_referenceIS2_E4typeE
FNF:5
FNH:4
DA:591,132
DA:593,132
DA:2273,143
DA:2275,143
DA:4034,0
LF:5
LH:4
end_of_record
TN:
SF:/Users/wenlingong/Documents/GitHub/Classes/cs107/cs107-FinalProject/Dual/core/src/Dual.cpp
FN:4,_ZN4DualIiEC2Eii
FN:4,_ZN4DualIiEC1Eii
FN:17,_ZNK4DualIiE4realEv
FN:23,_ZNK4DualIiE4dualEv
FNDA:1,_ZN4DualIiEC2Eii
FNDA:1,_ZN4DualIiEC1Eii
FNDA:1,_ZNK4DualIiE4realEv
FNDA:1,_ZNK4DualIiE4dualEv
FNF:4
FNH:4
DA:4,2
DA:5,1
DA:6,1
DA:7,2
DA:17,1
DA:19,1
DA:23,1
DA:25,1
LF:8
LH:8
end_of_record
